<?xml version="1.0" encoding="UTF-8"?>
<testsuite xmlns:xsi="http://www.w3.org/2001/XMLSchema-instance" xsi:noNamespaceSchemaLocation="https://maven.apache.org/surefire/maven-surefire-plugin/xsd/surefire-test-report-3.0.xsd" version="3.0" name="Login" time="15.977" tests="4" errors="1" skipped="0" failures="0">
  <properties>
[...]
</properties>
  <testcase name="Login as manager" classname="Login" time="6.946">
    <error message="Session ID is null. Using WebDriver after calling quit()?&#10;Build info: version: &apos;3.141.59&apos;, revision: &apos;e82be7d358&apos;, time: &apos;2018-11-14T08:17:03&apos;&#10;System info: host: &apos;conor-schmertzs-macbook-pro.local&apos;, ip: &apos;fe80:0:0:0:8d5:77c7:9129:bd86%en0&apos;, os.name: &apos;Mac OS X&apos;, os.arch: &apos;x86_64&apos;, os.version: &apos;10.15.7&apos;, java.version: &apos;15.0.2&apos;&#10;Driver info: driver.version: RemoteWebDriver" type="org.openqa.selenium.NoSuchSessionException"><![CDATA[org.openqa.selenium.NoSuchSessionException: 
Session ID is null. Using WebDriver after calling quit()?
Build info: version: '3.141.59', revision: 'e82be7d358', time: '2018-11-14T08:17:03'
System info: host: 'conor-schmertzs-macbook-pro.local', ip: 'fe80:0:0:0:8d5:77c7:9129:bd86%en0', os.name: 'Mac OS X', os.arch: 'x86_64', os.version: '10.15.7', java.version: '15.0.2'
Driver info: driver.version: RemoteWebDriver
]]></error>
    <system-out><![CDATA[
@successful_login_manager
Scenario: Login as manager                           &amp#27;[90m# src/test/resources/features/Login.feature:8&amp#27;[0m
-----> Before annotation: Setting up browser
  &amp#27;[32mGiven &amp#27;[0m&amp#27;[32muser is on login page&amp#27;[0m                        &amp#27;[90m# com.Transmuda.step_definitions.LoginStepDefinitions.userIsOnLoginPage()&amp#27;[0m
  &amp#27;[32mWhen &amp#27;[0m&amp#27;[32muser logs in as manager&amp#27;[0m                       &amp#27;[90m# com.Transmuda.step_definitions.LoginStepDefinitions.userLogsInAsManager()&amp#27;[0m
  &amp#27;[31mThen &amp#27;[0m&amp#27;[31muser should be signed in and see the homepage&amp#27;[0m &amp#27;[90m# com.Transmuda.step_definitions.LoginStepDefinitions.userShouldBeSignedInAndSeeTheHomepage()&amp#27;[0m
      &amp#27;[31morg.openqa.selenium.NoSuchSessionException: Session ID is null. Using WebDriver after calling quit()?
Build info: version: '3.141.59', revision: 'e82be7d358', time: '2018-11-14T08:17:03'
System info: host: 'conor-schmertzs-macbook-pro.local', ip: 'fe80:0:0:0:8d5:77c7:9129:bd86%en0', os.name: 'Mac OS X', os.arch: 'x86_64', os.version: '10.15.7', java.version: '15.0.2'
Driver info: driver.version: RemoteWebDriver
	at org.openqa.selenium.remote.HttpCommandExecutor.execute(HttpCommandExecutor.java:125)
	at org.openqa.selenium.remote.service.DriverCommandExecutor.execute(DriverCommandExecutor.java:83)
	at org.openqa.selenium.remote.RemoteWebDriver.execute(RemoteWebDriver.java:552)
	at org.openqa.selenium.remote.RemoteWebDriver.findElement(RemoteWebDriver.java:323)
	at org.openqa.selenium.remote.RemoteWebDriver.findElementByCssSelector(RemoteWebDriver.java:420)
	at org.openqa.selenium.By$ByCssSelector.findElement(By.java:431)
	at org.openqa.selenium.remote.RemoteWebDriver.findElement(RemoteWebDriver.java:315)
	at org.openqa.selenium.support.pagefactory.DefaultElementLocator.findElement(DefaultElementLocator.java:69)
	at org.openqa.selenium.support.pagefactory.internal.LocatingElementHandler.invoke(LocatingElementHandler.java:38)
	at com.sun.proxy.$Proxy19.isDisplayed(Unknown Source)
	at org.openqa.selenium.support.ui.ExpectedConditions.elementIfVisible(ExpectedConditions.java:314)
	at org.openqa.selenium.support.ui.ExpectedConditions.access$000(ExpectedConditions.java:43)
	at org.openqa.selenium.support.ui.ExpectedConditions$10.apply(ExpectedConditions.java:300)
	at org.openqa.selenium.support.ui.ExpectedConditions$10.apply(ExpectedConditions.java:297)
	at org.openqa.selenium.support.ui.FluentWait.until(FluentWait.java:249)
	at com.Transmuda.utilities.BrowserUtils.waitForVisibility(BrowserUtils.java:117)
	at com.Transmuda.step_definitions.LoginStepDefinitions.userShouldBeSignedInAndSeeTheHomepage(LoginStepDefinitions.java:45)
	at ✽.user should be signed in and see the homepage(file:///Users/conorschmertz/IdeaProjects/Methods/TransmudaCucumber/src/test/resources/features/Login.feature:10)
&amp#27;[0m

    Embedding Login as manager [image/png 19438 bytes]

]]></system-out>
    <system-err><![CDATA[SLF4J: Failed to load class "org.slf4j.impl.StaticLoggerBinder".
SLF4J: Defaulting to no-operation (NOP) logger implementation
SLF4J: See http://www.slf4j.org/codes.html#StaticLoggerBinder for further details.
Starting ChromeDriver 100.0.4896.60 (6a5d10861ce8de5fce22564658033b43cb7de047-refs/branch-heads/4896@{#875}) on port 45281
Only local connections are allowed.
Please see https://chromedriver.chromium.org/security-considerations for suggestions on keeping ChromeDriver safe.
ChromeDriver was started successfully.
Apr 21, 2022 9:44:34 PM org.openqa.selenium.remote.ProtocolHandshake createSession
INFO: Detected dialect: W3C
Starting ChromeDriver 100.0.4896.60 (6a5d10861ce8de5fce22564658033b43cb7de047-refs/branch-heads/4896@{#875}) on port 47318
Only local connections are allowed.
Please see https://chromedriver.chromium.org/security-considerations for suggestions on keeping ChromeDriver safe.
ChromeDriver was started successfully.
Apr 21, 2022 9:44:38 PM org.openqa.selenium.remote.ProtocolHandshake createSession
INFO: Detected dialect: W3C
]]></system-err>
  </testcase>
  <testcase name="Login as driver" classname="Login" time="2.94">
    <system-out><![CDATA[
@successful_login_driver
Scenario: Login as driver                            &amp#27;[90m# src/test/resources/features/Login.feature:13&amp#27;[0m
-----> Before annotation: Setting up browser
  &amp#27;[32mGiven &amp#27;[0m&amp#27;[32muser is on login page&amp#27;[0m                        &amp#27;[90m# com.Transmuda.step_definitions.LoginStepDefinitions.userIsOnLoginPage()&amp#27;[0m
  &amp#27;[32mWhen &amp#27;[0m&amp#27;[32muser logs in as driver&amp#27;[0m                        &amp#27;[90m# com.Transmuda.step_definitions.LoginStepDefinitions.userLogsInAsDriver()&amp#27;[0m
  &amp#27;[32mThen &amp#27;[0m&amp#27;[32muser should be signed in and see the homepage&amp#27;[0m &amp#27;[90m# com.Transmuda.step_definitions.LoginStepDefinitions.userShouldBeSignedInAndSeeTheHomepage()&amp#27;[0m
]]></system-out>
    <system-err><![CDATA[Starting ChromeDriver 100.0.4896.60 (6a5d10861ce8de5fce22564658033b43cb7de047-refs/branch-heads/4896@{#875}) on port 2757
Only local connections are allowed.
Please see https://chromedriver.chromium.org/security-considerations for suggestions on keeping ChromeDriver safe.
ChromeDriver was started successfully.
Apr 21, 2022 9:44:40 PM org.openqa.selenium.remote.ProtocolHandshake createSession
INFO: Detected dialect: W3C
]]></system-err>
  </testcase>
  <testcase name="Login under different credentials as user157" classname="Login" time="2.956">
    <system-out><![CDATA[
@successful_login
Scenario Outline: Login under different credentials as user157 &amp#27;[90m# src/test/resources/features/Login.feature:24&amp#27;[0m
-----> Before annotation: Setting up browser
  &amp#27;[32mGiven &amp#27;[0m&amp#27;[32muser is on login page&amp#27;[0m                                  &amp#27;[90m# com.Transmuda.step_definitions.LoginStepDefinitions.userIsOnLoginPage()&amp#27;[0m
  &amp#27;[32mWhen &amp#27;[0m&amp#27;[32muser enters &amp#27;[0m&amp#27;[32m&amp#27;[1m"user157"&amp#27;[0m&amp#27;[32m and &amp#27;[0m&amp#27;[32m&amp#27;[1m"UserUser123"&amp#27;[0m                 &amp#27;[90m# com.Transmuda.step_definitions.LoginStepDefinitions.userEntersAnd(java.lang.String,java.lang.String)&amp#27;[0m
  &amp#27;[32mThen &amp#27;[0m&amp#27;[32muser should be signed in and see the homepage&amp#27;[0m           &amp#27;[90m# com.Transmuda.step_definitions.LoginStepDefinitions.userShouldBeSignedInAndSeeTheHomepage()&amp#27;[0m
]]></system-out>
    <system-err><![CDATA[Starting ChromeDriver 100.0.4896.60 (6a5d10861ce8de5fce22564658033b43cb7de047-refs/branch-heads/4896@{#875}) on port 29134
Only local connections are allowed.
Please see https://chromedriver.chromium.org/security-considerations for suggestions on keeping ChromeDriver safe.
ChromeDriver was started successfully.
Apr 21, 2022 9:44:43 PM org.openqa.selenium.remote.ProtocolHandshake createSession
INFO: Detected dialect: W3C
]]></system-err>
  </testcase>
  <testcase name="Login under different credentials as User7" classname="Login" time="3.135">
    <system-out><![CDATA[
@successful_login
Scenario Outline: Login under different credentials as User7 &amp#27;[90m# src/test/resources/features/Login.feature:25&amp#27;[0m
-----> Before annotation: Setting up browser
  &amp#27;[32mGiven &amp#27;[0m&amp#27;[32muser is on login page&amp#27;[0m                                &amp#27;[90m# com.Transmuda.step_definitions.LoginStepDefinitions.userIsOnLoginPage()&amp#27;[0m
  &amp#27;[32mWhen &amp#27;[0m&amp#27;[32muser enters &amp#27;[0m&amp#27;[32m&amp#27;[1m"User7"&amp#27;[0m&amp#27;[32m and &amp#27;[0m&amp#27;[32m&amp#27;[1m"UserUser123"&amp#27;[0m                 &amp#27;[90m# com.Transmuda.step_definitions.LoginStepDefinitions.userEntersAnd(java.lang.String,java.lang.String)&amp#27;[0m
  &amp#27;[32mThen &amp#27;[0m&amp#27;[32muser should be signed in and see the homepage&amp#27;[0m         &amp#27;[90m# com.Transmuda.step_definitions.LoginStepDefinitions.userShouldBeSignedInAndSeeTheHomepage()&amp#27;[0m
]]></system-out>
    <system-err><![CDATA[Starting ChromeDriver 100.0.4896.60 (6a5d10861ce8de5fce22564658033b43cb7de047-refs/branch-heads/4896@{#875}) on port 40872
Only local connections are allowed.
Please see https://chromedriver.chromium.org/security-considerations for suggestions on keeping ChromeDriver safe.
ChromeDriver was started successfully.
Apr 21, 2022 9:44:46 PM org.openqa.selenium.remote.ProtocolHandshake createSession
INFO: Detected dialect: W3C
]]></system-err>
  </testcase>
</testsuite>